<?xml version="1.0" encoding="UTF-8"?>
<!-- Generated by org.testng.reporters.JUnitReportReporter -->
<testsuite hostname="0287dbdf0d09554" failures="0" tests="1" name="com.ust.test.FirstTest" time="13.705" errors="0" timestamp="2023-03-30T16:17:20 IST" skipped="0">
  <testcase classname="com.ust.test.FirstTest" name="TestGoogle" time="13.705"/>
  <system-out/>
</testsuite> <!-- com.ust.test.FirstTest -->
